<?xml version="1.0" encoding="UTF-8"?>
<testng-results ignored="0" total="1" passed="1" failed="0" skipped="0">
  <reporter-output>
  </reporter-output>
  <suite started-at="2024-08-01T23:15:24 IST" name="Default suite" finished-at="2024-08-01T23:16:00 IST" duration-ms="35400">
    <groups>
    </groups>
    <test started-at="2024-08-01T23:15:24 IST" name="Default test" finished-at="2024-08-01T23:16:00 IST" duration-ms="35400">
      <class name="testCases.CreateContactOrganizationDateTime">
        <test-method is-config="true" signature="preCondition()[pri:0, instance:testCases.CreateContactOrganizationDateTime@5d0bf09b]" started-at="2024-08-01T23:15:24 IST" name="preCondition" finished-at="2024-08-01T23:15:48 IST" duration-ms="24237" status="PASS">
          <reporter-output>
          </reporter-output>
        </test-method> <!-- preCondition -->
        <test-method is-config="true" signature="login()[pri:0, instance:testCases.CreateContactOrganizationDateTime@5d0bf09b]" started-at="2024-08-01T23:15:48 IST" name="login" finished-at="2024-08-01T23:15:51 IST" duration-ms="2173" status="PASS">
          <reporter-output>
          </reporter-output>
        </test-method> <!-- login -->
        <test-method signature="contact()[pri:0, instance:testCases.CreateContactOrganizationDateTime@5d0bf09b]" started-at="2024-08-01T23:15:51 IST" name="contact" finished-at="2024-08-01T23:15:58 IST" duration-ms="7703" status="PASS">
          <reporter-output>
          </reporter-output>
        </test-method> <!-- contact -->
        <test-method is-config="true" signature="logout()[pri:0, instance:testCases.CreateContactOrganizationDateTime@5d0bf09b]" started-at="2024-08-01T23:15:58 IST" name="logout" finished-at="2024-08-01T23:15:59 IST" duration-ms="1106" status="PASS">
          <reporter-output>
          </reporter-output>
        </test-method> <!-- logout -->
        <test-method is-config="true" signature="postCondition()[pri:0, instance:testCases.CreateContactOrganizationDateTime@5d0bf09b]" started-at="2024-08-01T23:15:59 IST" name="postCondition" finished-at="2024-08-01T23:16:00 IST" duration-ms="118" status="PASS">
          <reporter-output>
          </reporter-output>
        </test-method> <!-- postCondition -->
      </class> <!-- testCases.CreateContactOrganizationDateTime -->
    </test> <!-- Default test -->
  </suite> <!-- Default suite -->
</testng-results>
